<?xml version="1.0" encoding="UTF-8"?>
<!-- Generated by org.testng.reporters.JUnitXMLReporter -->
<testsuite ignored="0" hostname="Ruchith-27" failures="0" tests="2" name="Default test" time="12.388" errors="0" timestamp="2026-04-01T19:00:05 IST">
  <testcase classname="com.project.DestinationTesting.destinationPageTest2" name="ChilikurTemple" time="3.525"/>
  <testcase classname="com.project.DestinationTesting.destinationPageTest2" name="HussianSagar" time="0.388"/>
</testsuite> <!-- Default test -->
