<?xml version="1.0" encoding="UTF-8"?>
<testng-results ignored="0" total="1" passed="1" failed="0" skipped="0">
  <reporter-output>
  </reporter-output>
  <suite started-at="2026-02-22T17:48:10 IST" name="Default suite" finished-at="2026-02-22T17:48:24 IST" duration-ms="13559">
    <groups>
    </groups>
    <test started-at="2026-02-22T17:48:10 IST" name="Default test" finished-at="2026-02-22T17:48:24 IST" duration-ms="13559">
      <class name="com.project.DestinationTesting.destinationteser">
        <test-method is-config="true" signature="setup()[pri:0, instance:com.project.DestinationTesting.destinationteser@682b2fa]" started-at="2026-02-22T17:48:10 IST" name="setup" finished-at="2026-02-22T17:48:16 IST" duration-ms="5609" status="PASS">
          <reporter-output>
          </reporter-output>
        </test-method> <!-- setup -->
        <test-method is-config="true" signature="initPage()[pri:0, instance:com.project.DestinationTesting.destinationteser@682b2fa]" started-at="2026-02-22T17:48:16 IST" name="initPage" finished-at="2026-02-22T17:48:19 IST" duration-ms="3444" status="PASS">
          <reporter-output>
          </reporter-output>
        </test-method> <!-- initPage -->
        <test-method signature="verifyDestinationNavigation()[pri:0, instance:com.project.DestinationTesting.destinationteser@682b2fa]" started-at="2026-02-22T17:48:19 IST" name="verifyDestinationNavigation" finished-at="2026-02-22T17:48:23 IST" duration-ms="3880" status="PASS">
          <reporter-output>
          </reporter-output>
        </test-method> <!-- verifyDestinationNavigation -->
        <test-method is-config="true" signature="tearDown()[pri:0, instance:com.project.DestinationTesting.destinationteser@682b2fa]" started-at="2026-02-22T17:48:23 IST" name="tearDown" finished-at="2026-02-22T17:48:24 IST" duration-ms="558" status="PASS">
          <reporter-output>
          </reporter-output>
        </test-method> <!-- tearDown -->
      </class> <!-- com.project.DestinationTesting.destinationteser -->
    </test> <!-- Default test -->
  </suite> <!-- Default suite -->
</testng-results>
