<?xml version="1.0" encoding="UTF-8"?>
<testng-results ignored="0" total="2" passed="2" failed="0" skipped="0">
  <reporter-output>
  </reporter-output>
  <suite started-at="2026-04-01T18:59:53 IST" name="Default suite" finished-at="2026-04-01T19:00:05 IST" duration-ms="12388">
    <groups>
    </groups>
    <test started-at="2026-04-01T18:59:53 IST" name="Default test" finished-at="2026-04-01T19:00:05 IST" duration-ms="12388">
      <class name="com.project.DestinationTesting.destinationPageTest2">
        <test-method is-config="true" signature="setup()[pri:0, instance:com.project.DestinationTesting.destinationPageTest2@5542c4ed]" started-at="2026-04-01T18:59:53 IST" name="setup" finished-at="2026-04-01T18:59:58 IST" duration-ms="4804" status="PASS">
          <reporter-output>
          </reporter-output>
        </test-method> <!-- setup -->
        <test-method is-config="true" signature="initPage()[pri:0, instance:com.project.DestinationTesting.destinationPageTest2@5542c4ed]" started-at="2026-04-01T18:59:58 IST" name="initPage" finished-at="2026-04-01T19:00:00 IST" duration-ms="2559" status="PASS">
          <reporter-output>
          </reporter-output>
        </test-method> <!-- initPage -->
        <test-method signature="ChilikurTemple()[pri:0, instance:com.project.DestinationTesting.destinationPageTest2@5542c4ed]" started-at="2026-04-01T19:00:00 IST" name="ChilikurTemple" finished-at="2026-04-01T19:00:04 IST" duration-ms="3525" status="PASS">
          <reporter-output>
          </reporter-output>
        </test-method> <!-- ChilikurTemple -->
        <test-method is-config="true" signature="initPage()[pri:0, instance:com.project.DestinationTesting.destinationPageTest2@5542c4ed]" started-at="2026-04-01T19:00:04 IST" name="initPage" finished-at="2026-04-01T19:00:04 IST" duration-ms="646" status="PASS">
          <reporter-output>
          </reporter-output>
        </test-method> <!-- initPage -->
        <test-method signature="HussianSagar()[pri:0, instance:com.project.DestinationTesting.destinationPageTest2@5542c4ed]" started-at="2026-04-01T19:00:04 IST" name="HussianSagar" finished-at="2026-04-01T19:00:05 IST" duration-ms="388" status="PASS">
          <reporter-output>
          </reporter-output>
        </test-method> <!-- HussianSagar -->
        <test-method is-config="true" signature="tearDown()[pri:0, instance:com.project.DestinationTesting.destinationPageTest2@5542c4ed]" started-at="2026-04-01T19:00:05 IST" name="tearDown" finished-at="2026-04-01T19:00:05 IST" duration-ms="396" status="PASS">
          <reporter-output>
          </reporter-output>
        </test-method> <!-- tearDown -->
      </class> <!-- com.project.DestinationTesting.destinationPageTest2 -->
    </test> <!-- Default test -->
  </suite> <!-- Default suite -->
</testng-results>
