<?xml version="1.0" encoding="UTF-8"?>
<!-- Generated by org.testng.reporters.JUnitReportReporter -->
<testsuite hostname="Ruchith-27" failures="0" tests="2" name="com.project.DestinationTesting.destinationPageTest2" time="7.118" errors="0" timestamp="2026-04-01T19:00:05 IST" skipped="0">
  <testcase classname="com.project.DestinationTesting.destinationPageTest2" name="ChilikurTemple" time="4.171"/>
  <testcase classname="com.project.DestinationTesting.destinationPageTest2" name="HussianSagar" time="2.947"/>
</testsuite> <!-- com.project.DestinationTesting.destinationPageTest2 -->
